This file contains any messages produced by compilers while
running configure, to aid debugging if configure makes a mistake.

It was created by mhalInterfaces configure 2.0.6, which was
generated by GNU Autoconf 2.69.  Invocation command line was

  $ ./configure 

## --------- ##
## Platform. ##
## --------- ##

hostname = localhost.localdomain
uname -m = x86_64
uname -r = 3.10.0-1160.11.1.el7.x86_64
uname -s = Linux
uname -v = #1 SMP Fri Dec 18 16:34:56 UTC 2020

/usr/bin/uname -p = x86_64
/bin/uname -X     = unknown

/bin/arch              = x86_64
/usr/bin/arch -k       = unknown
/usr/convex/getsysinfo = unknown
/usr/bin/hostinfo      = unknown
/bin/machine           = unknown
/usr/bin/oslevel       = unknown
/bin/universe          = unknown

PATH: /usr/local/redhawk/core/bin
PATH: /sbin
PATH: /bin
PATH: /usr/bin
PATH: /usr/local/bin
PATH: /usr/local/sbin
PATH: /usr/sbin
PATH: /home/cyient/.local/bin
PATH: /home/cyient/bin
PATH: /home/cyient/.local/bin
PATH: /home/cyient/bin
PATH: /home/cyient/.local/bin
PATH: /home/cyient/bin


## ----------- ##
## Core tests. ##
## ----------- ##

configure:2339: checking for a BSD-compatible install
configure:2407: result: /bin/install -c
configure:2418: checking whether build environment is sane
configure:2473: result: yes
configure:2624: checking for a thread-safe mkdir -p
configure:2663: result: /bin/mkdir -p
configure:2670: checking for gawk
configure:2686: found /bin/gawk
configure:2697: result: gawk
configure:2708: checking whether make sets $(MAKE)
configure:2730: result: yes
configure:2759: checking whether make supports nested variables
configure:2776: result: yes
configure:2908: checking for gcc
configure:2924: found /bin/gcc
configure:2935: result: gcc
configure:3164: checking for C compiler version
configure:3173: gcc --version >&5
gcc (GCC) 4.8.5 20150623 (Red Hat 4.8.5-44)
Copyright (C) 2015 Free Software Foundation, Inc.
This is free software; see the source for copying conditions.  There is NO
warranty; not even for MERCHANTABILITY or FITNESS FOR A PARTICULAR PURPOSE.

configure:3184: $? = 0
configure:3173: gcc -v >&5
Using built-in specs.
COLLECT_GCC=gcc
COLLECT_LTO_WRAPPER=/usr/libexec/gcc/x86_64-redhat-linux/4.8.5/lto-wrapper
Target: x86_64-redhat-linux
Configured with: ../configure --prefix=/usr --mandir=/usr/share/man --infodir=/usr/share/info --with-bugurl=http://bugzilla.redhat.com/bugzilla --enable-bootstrap --enable-shared --enable-threads=posix --enable-checking=release --with-system-zlib --enable-__cxa_atexit --disable-libunwind-exceptions --enable-gnu-unique-object --enable-linker-build-id --with-linker-hash-style=gnu --enable-languages=c,c++,objc,obj-c++,java,fortran,ada,go,lto --enable-plugin --enable-initfini-array --disable-libgcj --with-isl=/builddir/build/BUILD/gcc-4.8.5-20150702/obj-x86_64-redhat-linux/isl-install --with-cloog=/builddir/build/BUILD/gcc-4.8.5-20150702/obj-x86_64-redhat-linux/cloog-install --enable-gnu-indirect-function --with-tune=generic --with-arch_32=x86-64 --build=x86_64-redhat-linux
Thread model: posix
gcc version 4.8.5 20150623 (Red Hat 4.8.5-44) (GCC) 
configure:3184: $? = 0
configure:3173: gcc -V >&5
gcc: error: unrecognized command line option '-V'
gcc: fatal error: no input files
compilation terminated.
configure:3184: $? = 4
configure:3173: gcc -qversion >&5
gcc: error: unrecognized command line option '-qversion'
gcc: fatal error: no input files
compilation terminated.
configure:3184: $? = 4
configure:3204: checking whether the C compiler works
configure:3226: gcc    conftest.c  >&5
configure:3230: $? = 0
configure:3278: result: yes
configure:3281: checking for C compiler default output file name
configure:3283: result: a.out
configure:3289: checking for suffix of executables
configure:3296: gcc -o conftest    conftest.c  >&5
configure:3300: $? = 0
configure:3322: result: 
configure:3344: checking whether we are cross compiling
configure:3352: gcc -o conftest    conftest.c  >&5
configure:3356: $? = 0
configure:3363: ./conftest
configure:3367: $? = 0
configure:3382: result: no
configure:3387: checking for suffix of object files
configure:3409: gcc -c   conftest.c >&5
configure:3413: $? = 0
configure:3434: result: o
configure:3438: checking whether we are using the GNU C compiler
configure:3457: gcc -c   conftest.c >&5
configure:3457: $? = 0
configure:3466: result: yes
configure:3475: checking whether gcc accepts -g
configure:3495: gcc -c -g  conftest.c >&5
configure:3495: $? = 0
configure:3536: result: yes
configure:3553: checking for gcc option to accept ISO C89
configure:3616: gcc  -c -g -O2  conftest.c >&5
configure:3616: $? = 0
configure:3629: result: none needed
configure:3660: checking for style of include used by make
configure:3688: result: GNU
configure:3714: checking dependency style of gcc
configure:3825: result: gcc3
configure:3898: checking for g++
configure:3914: found /bin/g++
configure:3925: result: g++
configure:3952: checking for C++ compiler version
configure:3961: g++ --version >&5
g++ (GCC) 4.8.5 20150623 (Red Hat 4.8.5-44)
Copyright (C) 2015 Free Software Foundation, Inc.
This is free software; see the source for copying conditions.  There is NO
warranty; not even for MERCHANTABILITY or FITNESS FOR A PARTICULAR PURPOSE.

configure:3972: $? = 0
configure:3961: g++ -v >&5
Using built-in specs.
COLLECT_GCC=g++
COLLECT_LTO_WRAPPER=/usr/libexec/gcc/x86_64-redhat-linux/4.8.5/lto-wrapper
Target: x86_64-redhat-linux
Configured with: ../configure --prefix=/usr --mandir=/usr/share/man --infodir=/usr/share/info --with-bugurl=http://bugzilla.redhat.com/bugzilla --enable-bootstrap --enable-shared --enable-threads=posix --enable-checking=release --with-system-zlib --enable-__cxa_atexit --disable-libunwind-exceptions --enable-gnu-unique-object --enable-linker-build-id --with-linker-hash-style=gnu --enable-languages=c,c++,objc,obj-c++,java,fortran,ada,go,lto --enable-plugin --enable-initfini-array --disable-libgcj --with-isl=/builddir/build/BUILD/gcc-4.8.5-20150702/obj-x86_64-redhat-linux/isl-install --with-cloog=/builddir/build/BUILD/gcc-4.8.5-20150702/obj-x86_64-redhat-linux/cloog-install --enable-gnu-indirect-function --with-tune=generic --with-arch_32=x86-64 --build=x86_64-redhat-linux
Thread model: posix
gcc version 4.8.5 20150623 (Red Hat 4.8.5-44) (GCC) 
configure:3972: $? = 0
configure:3961: g++ -V >&5
g++: error: unrecognized command line option '-V'
g++: fatal error: no input files
compilation terminated.
configure:3972: $? = 4
configure:3961: g++ -qversion >&5
g++: error: unrecognized command line option '-qversion'
g++: fatal error: no input files
compilation terminated.
configure:3972: $? = 4
configure:3976: checking whether we are using the GNU C++ compiler
configure:3995: g++ -c   conftest.cpp >&5
configure:3995: $? = 0
configure:4004: result: yes
configure:4013: checking whether g++ accepts -g
configure:4033: g++ -c -g  conftest.cpp >&5
configure:4033: $? = 0
configure:4074: result: yes
configure:4099: checking dependency style of g++
configure:4210: result: gcc3
configure:4255: checking build system type
configure:4269: result: x86_64-unknown-linux-gnu
configure:4289: checking host system type
configure:4302: result: x86_64-unknown-linux-gnu
configure:4343: checking how to print strings
configure:4370: result: printf
configure:4391: checking for a sed that does not truncate output
configure:4455: result: /bin/sed
configure:4473: checking for grep that handles long lines and -e
configure:4531: result: /bin/grep
configure:4536: checking for egrep
configure:4598: result: /bin/grep -E
configure:4603: checking for fgrep
configure:4665: result: /bin/grep -F
configure:4700: checking for ld used by gcc
configure:4767: result: /bin/ld
configure:4774: checking if the linker (/bin/ld) is GNU ld
configure:4789: result: yes
configure:4801: checking for BSD- or MS-compatible name lister (nm)
configure:4850: result: /bin/nm -B
configure:4980: checking the name lister (/bin/nm -B) interface
configure:4987: gcc -c -g -O2  conftest.c >&5
configure:4990: /bin/nm -B "conftest.o"
configure:4993: output
0000000000000000 B some_variable
configure:5000: result: BSD nm
configure:5003: checking whether ln -s works
configure:5007: result: yes
configure:5015: checking the maximum length of command line arguments
configure:5145: result: 1572864
configure:5162: checking whether the shell understands some XSI constructs
configure:5172: result: yes
configure:5176: checking whether the shell understands "+="
configure:5182: result: yes
configure:5217: checking how to convert x86_64-unknown-linux-gnu file names to x86_64-unknown-linux-gnu format
configure:5257: result: func_convert_file_noop
configure:5264: checking how to convert x86_64-unknown-linux-gnu file names to toolchain format
configure:5284: result: func_convert_file_noop
configure:5291: checking for /bin/ld option to reload object files
configure:5298: result: -r
configure:5372: checking for objdump
configure:5388: found /bin/objdump
configure:5399: result: objdump
configure:5431: checking how to recognize dependent libraries
configure:5633: result: pass_all
configure:5718: checking for dlltool
configure:5748: result: no
configure:5778: checking how to associate runtime and link libraries
configure:5805: result: printf %s\n
configure:5866: checking for ar
configure:5882: found /bin/ar
configure:5893: result: ar
configure:5930: checking for archiver @FILE support
configure:5947: gcc -c -g -O2  conftest.c >&5
configure:5947: $? = 0
configure:5950: ar cru libconftest.a @conftest.lst >&5
configure:5953: $? = 0
configure:5958: ar cru libconftest.a @conftest.lst >&5
ar: conftest.o: No such file or directory
configure:5961: $? = 1
configure:5973: result: @
configure:6031: checking for strip
configure:6047: found /bin/strip
configure:6058: result: strip
configure:6130: checking for ranlib
configure:6146: found /bin/ranlib
configure:6157: result: ranlib
configure:6259: checking command to parse /bin/nm -B output from gcc object
configure:6379: gcc -c -g -O2  conftest.c >&5
configure:6382: $? = 0
configure:6386: /bin/nm -B conftest.o \| sed -n -e 's/^.*[ ]\([ABCDGIRSTW][ABCDGIRSTW]*\)[ ][ ]*\([_A-Za-z][_A-Za-z0-9]*\)$/\1 \2 \2/p' | sed '/ __gnu_lto/d' \> conftest.nm
configure:6389: $? = 0
configure:6455: gcc -o conftest -g -O2   conftest.c conftstm.o >&5
configure:6458: $? = 0
configure:6496: result: ok
configure:6533: checking for sysroot
configure:6563: result: no
configure:6640: gcc -c -g -O2  conftest.c >&5
configure:6643: $? = 0
configure:6819: checking for mt
configure:6849: result: no
configure:6869: checking if : is a manifest tool
configure:6875: : '-?'
configure:6883: result: no
configure:7525: checking how to run the C preprocessor
configure:7556: gcc -E  conftest.c
configure:7556: $? = 0
configure:7570: gcc -E  conftest.c
conftest.c:11:28: fatal error: ac_nonexistent.h: No such file or directory
 #include <ac_nonexistent.h>
                            ^
compilation terminated.
configure:7570: $? = 1
configure: failed program was:
| /* confdefs.h */
| #define PACKAGE_NAME "mhalInterfaces"
| #define PACKAGE_TARNAME "mhalinterfaces"
| #define PACKAGE_VERSION "2.0.6"
| #define PACKAGE_STRING "mhalInterfaces 2.0.6"
| #define PACKAGE_BUGREPORT ""
| #define PACKAGE_URL ""
| #define PACKAGE "mhalinterfaces"
| #define VERSION "2.0.6"
| /* end confdefs.h.  */
| #include <ac_nonexistent.h>
configure:7595: result: gcc -E
configure:7615: gcc -E  conftest.c
configure:7615: $? = 0
configure:7629: gcc -E  conftest.c
conftest.c:11:28: fatal error: ac_nonexistent.h: No such file or directory
 #include <ac_nonexistent.h>
                            ^
compilation terminated.
configure:7629: $? = 1
configure: failed program was:
| /* confdefs.h */
| #define PACKAGE_NAME "mhalInterfaces"
| #define PACKAGE_TARNAME "mhalinterfaces"
| #define PACKAGE_VERSION "2.0.6"
| #define PACKAGE_STRING "mhalInterfaces 2.0.6"
| #define PACKAGE_BUGREPORT ""
| #define PACKAGE_URL ""
| #define PACKAGE "mhalinterfaces"
| #define VERSION "2.0.6"
| /* end confdefs.h.  */
| #include <ac_nonexistent.h>
configure:7658: checking for ANSI C header files
configure:7678: gcc -c -g -O2  conftest.c >&5
configure:7678: $? = 0
configure:7751: gcc -o conftest -g -O2   conftest.c  >&5
configure:7751: $? = 0
configure:7751: ./conftest
configure:7751: $? = 0
configure:7762: result: yes
configure:7775: checking for sys/types.h
configure:7775: gcc -c -g -O2  conftest.c >&5
configure:7775: $? = 0
configure:7775: result: yes
configure:7775: checking for sys/stat.h
configure:7775: gcc -c -g -O2  conftest.c >&5
configure:7775: $? = 0
configure:7775: result: yes
configure:7775: checking for stdlib.h
configure:7775: gcc -c -g -O2  conftest.c >&5
configure:7775: $? = 0
configure:7775: result: yes
configure:7775: checking for string.h
configure:7775: gcc -c -g -O2  conftest.c >&5
configure:7775: $? = 0
configure:7775: result: yes
configure:7775: checking for memory.h
configure:7775: gcc -c -g -O2  conftest.c >&5
configure:7775: $? = 0
configure:7775: result: yes
configure:7775: checking for strings.h
configure:7775: gcc -c -g -O2  conftest.c >&5
configure:7775: $? = 0
configure:7775: result: yes
configure:7775: checking for inttypes.h
configure:7775: gcc -c -g -O2  conftest.c >&5
configure:7775: $? = 0
configure:7775: result: yes
configure:7775: checking for stdint.h
configure:7775: gcc -c -g -O2  conftest.c >&5
configure:7775: $? = 0
configure:7775: result: yes
configure:7775: checking for unistd.h
configure:7775: gcc -c -g -O2  conftest.c >&5
configure:7775: $? = 0
configure:7775: result: yes
configure:7789: checking for dlfcn.h
configure:7789: gcc -c -g -O2  conftest.c >&5
configure:7789: $? = 0
configure:7789: result: yes
configure:8006: checking for objdir
configure:8021: result: .libs
configure:8292: checking if gcc supports -fno-rtti -fno-exceptions
configure:8310: gcc -c -g -O2  -fno-rtti -fno-exceptions conftest.c >&5
cc1: warning: command line option '-fno-rtti' is valid for C++/ObjC++ but not for C [enabled by default]
configure:8314: $? = 0
configure:8327: result: no
configure:8654: checking for gcc option to produce PIC
configure:8661: result: -fPIC -DPIC
configure:8669: checking if gcc PIC flag -fPIC -DPIC works
configure:8687: gcc -c -g -O2  -fPIC -DPIC -DPIC conftest.c >&5
configure:8691: $? = 0
configure:8704: result: yes
configure:8733: checking if gcc static flag -static works
configure:8761: result: no
configure:8776: checking if gcc supports -c -o file.o
configure:8797: gcc -c -g -O2  -o out/conftest2.o conftest.c >&5
configure:8801: $? = 0
configure:8823: result: yes
configure:8831: checking if gcc supports -c -o file.o
configure:8878: result: yes
configure:8911: checking whether the gcc linker (/bin/ld -m elf_x86_64) supports shared libraries
configure:10064: result: yes
configure:10101: checking whether -lc should be explicitly linked in
configure:10109: gcc -c -g -O2  conftest.c >&5
configure:10112: $? = 0
configure:10127: gcc -shared  -fPIC -DPIC conftest.o  -v -Wl,-soname -Wl,conftest -o conftest 2\>\&1 \| /bin/grep  -lc  \>/dev/null 2\>\&1
configure:10130: $? = 0
configure:10144: result: no
configure:10304: checking dynamic linker characteristics
configure:10815: gcc -o conftest -g -O2   -Wl,-rpath -Wl,/foo conftest.c  >&5
configure:10815: $? = 0
configure:11041: result: GNU/Linux ld.so
configure:11148: checking how to hardcode library paths into programs
configure:11173: result: immediate
configure:11713: checking whether stripping libraries is possible
configure:11718: result: yes
configure:11753: checking if libtool supports shared libraries
configure:11755: result: yes
configure:11758: checking whether to build shared libraries
configure:11779: result: yes
configure:11782: checking whether to build static libraries
configure:11786: result: yes
configure:11809: checking how to run the C++ preprocessor
configure:11836: g++ -E  conftest.cpp
configure:11836: $? = 0
configure:11850: g++ -E  conftest.cpp
conftest.cpp:23:28: fatal error: ac_nonexistent.h: No such file or directory
 #include <ac_nonexistent.h>
                            ^
compilation terminated.
configure:11850: $? = 1
configure: failed program was:
| /* confdefs.h */
| #define PACKAGE_NAME "mhalInterfaces"
| #define PACKAGE_TARNAME "mhalinterfaces"
| #define PACKAGE_VERSION "2.0.6"
| #define PACKAGE_STRING "mhalInterfaces 2.0.6"
| #define PACKAGE_BUGREPORT ""
| #define PACKAGE_URL ""
| #define PACKAGE "mhalinterfaces"
| #define VERSION "2.0.6"
| #define STDC_HEADERS 1
| #define HAVE_SYS_TYPES_H 1
| #define HAVE_SYS_STAT_H 1
| #define HAVE_STDLIB_H 1
| #define HAVE_STRING_H 1
| #define HAVE_MEMORY_H 1
| #define HAVE_STRINGS_H 1
| #define HAVE_INTTYPES_H 1
| #define HAVE_STDINT_H 1
| #define HAVE_UNISTD_H 1
| #define HAVE_DLFCN_H 1
| #define LT_OBJDIR ".libs/"
| /* end confdefs.h.  */
| #include <ac_nonexistent.h>
configure:11875: result: g++ -E
configure:11895: g++ -E  conftest.cpp
configure:11895: $? = 0
configure:11909: g++ -E  conftest.cpp
conftest.cpp:23:28: fatal error: ac_nonexistent.h: No such file or directory
 #include <ac_nonexistent.h>
                            ^
compilation terminated.
configure:11909: $? = 1
configure: failed program was:
| /* confdefs.h */
| #define PACKAGE_NAME "mhalInterfaces"
| #define PACKAGE_TARNAME "mhalinterfaces"
| #define PACKAGE_VERSION "2.0.6"
| #define PACKAGE_STRING "mhalInterfaces 2.0.6"
| #define PACKAGE_BUGREPORT ""
| #define PACKAGE_URL ""
| #define PACKAGE "mhalinterfaces"
| #define VERSION "2.0.6"
| #define STDC_HEADERS 1
| #define HAVE_SYS_TYPES_H 1
| #define HAVE_SYS_STAT_H 1
| #define HAVE_STDLIB_H 1
| #define HAVE_STRING_H 1
| #define HAVE_MEMORY_H 1
| #define HAVE_STRINGS_H 1
| #define HAVE_INTTYPES_H 1
| #define HAVE_STDINT_H 1
| #define HAVE_UNISTD_H 1
| #define HAVE_DLFCN_H 1
| #define LT_OBJDIR ".libs/"
| /* end confdefs.h.  */
| #include <ac_nonexistent.h>
configure:12078: checking for ld used by g++
configure:12145: result: /bin/ld -m elf_x86_64
configure:12152: checking if the linker (/bin/ld -m elf_x86_64) is GNU ld
configure:12167: result: yes
configure:12222: checking whether the g++ linker (/bin/ld -m elf_x86_64) supports shared libraries
configure:13227: result: yes
configure:13263: g++ -c -g -O2  conftest.cpp >&5
configure:13266: $? = 0
configure:13786: checking for g++ option to produce PIC
configure:13793: result: -fPIC -DPIC
configure:13801: checking if g++ PIC flag -fPIC -DPIC works
configure:13819: g++ -c -g -O2  -fPIC -DPIC -DPIC conftest.cpp >&5
configure:13823: $? = 0
configure:13836: result: yes
configure:13859: checking if g++ static flag -static works
configure:13887: result: no
configure:13899: checking if g++ supports -c -o file.o
configure:13920: g++ -c -g -O2  -o out/conftest2.o conftest.cpp >&5
configure:13924: $? = 0
configure:13946: result: yes
configure:13951: checking if g++ supports -c -o file.o
configure:13998: result: yes
configure:14028: checking whether the g++ linker (/bin/ld -m elf_x86_64) supports shared libraries
configure:14064: result: yes
configure:14205: checking dynamic linker characteristics
configure:14876: result: GNU/Linux ld.so
configure:14929: checking how to hardcode library paths into programs
configure:14954: result: immediate
configure:15051: checking for a Python interpreter with version >= 2.3
configure:15068: python -c import sys # split strings by '.' and convert to numeric. Append some zeros # because we need at least 4 digits for the hex conversion. # map returns an iterator in Python 3.0 and a list in 2.x minver = list(map(int, '2.3'.split('.'))) + [0, 0, 0] minverhex = 0 # xrange is not present in Python 3.0 and range returns an iterator for i in list(range(0, 4)): minverhex = (minverhex << 8) + minver[i] sys.exit(sys.hexversion < minverhex)
configure:15071: $? = 0
configure:15077: result: python
configure:15085: checking for python
configure:15103: found /bin/python
configure:15115: result: /bin/python
configure:15133: checking for python version
configure:15140: result: 2.7
configure:15152: checking for python platform
configure:15159: result: linux2
configure:15185: checking for python script directory
configure:15220: result: ${prefix}/lib/python2.7/site-packages
configure:15229: checking for python extension module directory
configure:15264: result: ${exec_prefix}/lib64/python2.7/site-packages
configure:15279: checking for ossie home
configure:15309: result: /usr/local/redhawk/core
configure:15316: checking to see ossie is installed
configure:15336: using /usr/local/redhawk/core as installation prefix
configure:15341: checking for python install scheme
configure:15361: result: home
configure:15416: checking for pkg-config
configure:15434: found /bin/pkg-config
configure:15446: result: /bin/pkg-config
configure:15471: checking pkg-config is at least version 0.9.0
configure:15474: result: yes
configure:15485: checking for omniORB4
configure:15491: $PKG_CONFIG --exists --print-errors "omniORB4 >= 4.0.0"
configure:15494: $? = 0
configure:15501: result: yes
configure:15543: checking for omniidl
configure:15559: found /bin/omniidl
configure:15571: result: omniidl
configure:15590: checking for OMNIORB
configure:15598: $PKG_CONFIG --exists --print-errors "omniORB4 >= 4.1.0"
configure:15601: $? = 0
configure:15616: $PKG_CONFIG --exists --print-errors "omniORB4 >= 4.1.0"
configure:15619: $? = 0
configure:15674: result: yes
configure:15680: checking for OSSIE
configure:15688: $PKG_CONFIG --exists --print-errors "ossie >= 2.0.0"
configure:15691: $? = 0
configure:15706: $PKG_CONFIG --exists --print-errors "ossie >= 2.0.0"
configure:15709: $? = 0
configure:15764: result: yes
configure:15787: checking for a valid JAVA_HOME
configure:15790: result: /usr/lib/jvm/java
configure:15802: checking for javac
configure:15820: found /usr/lib/jvm/java/bin/javac
configure:15833: result: /usr/lib/jvm/java/bin/javac
configure:15843: checking for jar
configure:15861: found /usr/lib/jvm/java/bin/jar
configure:15874: result: /usr/lib/jvm/java/bin/jar
configure:15884: checking for idlj
configure:15902: found /usr/lib/jvm/java/bin/idlj
configure:15915: result: /usr/lib/jvm/java/bin/idlj
configure:16085: checking that generated files are newer than configure
configure:16091: result: done
configure:16122: creating ./config.status

## ---------------------- ##
## Running config.status. ##
## ---------------------- ##

This file was extended by mhalInterfaces config.status 2.0.6, which was
generated by GNU Autoconf 2.69.  Invocation command line was

  CONFIG_FILES    = 
  CONFIG_HEADERS  = 
  CONFIG_LINKS    = 
  CONFIG_COMMANDS = 
  $ ./config.status 

on localhost.localdomain

config.status:1091: creating Makefile
config.status:1263: executing depfiles commands
config.status:1263: executing libtool commands

## ---------------- ##
## Cache variables. ##
## ---------------- ##

ac_cv_build=x86_64-unknown-linux-gnu
ac_cv_c_compiler_gnu=yes
ac_cv_corba_omniorb4=yes
ac_cv_cxx_compiler_gnu=yes
ac_cv_env_CCC_set=
ac_cv_env_CCC_value=
ac_cv_env_CC_set=
ac_cv_env_CC_value=
ac_cv_env_CFLAGS_set=
ac_cv_env_CFLAGS_value=
ac_cv_env_CPPFLAGS_set=
ac_cv_env_CPPFLAGS_value=
ac_cv_env_CPP_set=
ac_cv_env_CPP_value=
ac_cv_env_CXXCPP_set=
ac_cv_env_CXXCPP_value=
ac_cv_env_CXXFLAGS_set=
ac_cv_env_CXXFLAGS_value=
ac_cv_env_CXX_set=
ac_cv_env_CXX_value=
ac_cv_env_JAVA_HOME_set=
ac_cv_env_JAVA_HOME_value=
ac_cv_env_LDFLAGS_set=
ac_cv_env_LDFLAGS_value=
ac_cv_env_LIBS_set=
ac_cv_env_LIBS_value=
ac_cv_env_OMNIORB_CFLAGS_set=
ac_cv_env_OMNIORB_CFLAGS_value=
ac_cv_env_OMNIORB_LIBS_set=
ac_cv_env_OMNIORB_LIBS_value=
ac_cv_env_OSSIE_CFLAGS_set=
ac_cv_env_OSSIE_CFLAGS_value=
ac_cv_env_OSSIE_LIBS_set=
ac_cv_env_OSSIE_LIBS_value=
ac_cv_env_PKG_CONFIG_set=
ac_cv_env_PKG_CONFIG_value=
ac_cv_env_PYTHON_set=
ac_cv_env_PYTHON_value=
ac_cv_env_build_alias_set=
ac_cv_env_build_alias_value=
ac_cv_env_host_alias_set=
ac_cv_env_host_alias_value=
ac_cv_env_target_alias_set=
ac_cv_env_target_alias_value=
ac_cv_header_dlfcn_h=yes
ac_cv_header_inttypes_h=yes
ac_cv_header_memory_h=yes
ac_cv_header_stdc=yes
ac_cv_header_stdint_h=yes
ac_cv_header_stdlib_h=yes
ac_cv_header_string_h=yes
ac_cv_header_strings_h=yes
ac_cv_header_sys_stat_h=yes
ac_cv_header_sys_types_h=yes
ac_cv_header_unistd_h=yes
ac_cv_host=x86_64-unknown-linux-gnu
ac_cv_objext=o
ac_cv_path_EGREP='/bin/grep -E'
ac_cv_path_FGREP='/bin/grep -F'
ac_cv_path_GREP=/bin/grep
ac_cv_path_IDLJ=/usr/lib/jvm/java/bin/idlj
ac_cv_path_JAR=/usr/lib/jvm/java/bin/jar
ac_cv_path_JAVAC=/usr/lib/jvm/java/bin/javac
ac_cv_path_PYTHON=/bin/python
ac_cv_path_SED=/bin/sed
ac_cv_path_ac_pt_PKG_CONFIG=/bin/pkg-config
ac_cv_path_install='/bin/install -c'
ac_cv_path_mkdir=/bin/mkdir
ac_cv_prog_AWK=gawk
ac_cv_prog_CPP='gcc -E'
ac_cv_prog_CXXCPP='g++ -E'
ac_cv_prog_IDL=omniidl
ac_cv_prog_ac_ct_AR=ar
ac_cv_prog_ac_ct_CC=gcc
ac_cv_prog_ac_ct_CXX=g++
ac_cv_prog_ac_ct_OBJDUMP=objdump
ac_cv_prog_ac_ct_RANLIB=ranlib
ac_cv_prog_ac_ct_STRIP=strip
ac_cv_prog_cc_c89=
ac_cv_prog_cc_g=yes
ac_cv_prog_cxx_g=yes
ac_cv_prog_make_make_set=yes
am_cv_CC_dependencies_compiler_type=gcc3
am_cv_CXX_dependencies_compiler_type=gcc3
am_cv_make_support_nested_variables=yes
am_cv_pathless_PYTHON=python
am_cv_python_platform=linux2
am_cv_python_pyexecdir='${exec_prefix}/lib64/python2.7/site-packages'
am_cv_python_pythondir='${prefix}/lib/python2.7/site-packages'
am_cv_python_version=2.7
lt_cv_ar_at_file=@
lt_cv_archive_cmds_need_lc=no
lt_cv_deplibs_check_method=pass_all
lt_cv_file_magic_cmd='$MAGIC_CMD'
lt_cv_file_magic_test_file=
lt_cv_ld_reload_flag=-r
lt_cv_nm_interface='BSD nm'
lt_cv_objdir=.libs
lt_cv_path_LD=/bin/ld
lt_cv_path_LDCXX='/bin/ld -m elf_x86_64'
lt_cv_path_NM='/bin/nm -B'
lt_cv_path_mainfest_tool=no
lt_cv_prog_compiler_c_o=yes
lt_cv_prog_compiler_c_o_CXX=yes
lt_cv_prog_compiler_pic='-fPIC -DPIC'
lt_cv_prog_compiler_pic_CXX='-fPIC -DPIC'
lt_cv_prog_compiler_pic_works=yes
lt_cv_prog_compiler_pic_works_CXX=yes
lt_cv_prog_compiler_rtti_exceptions=no
lt_cv_prog_compiler_static_works=no
lt_cv_prog_compiler_static_works_CXX=no
lt_cv_prog_gnu_ld=yes
lt_cv_prog_gnu_ldcxx=yes
lt_cv_sharedlib_from_linklib_cmd='printf %s\n'
lt_cv_shlibpath_overrides_runpath=no
lt_cv_sys_global_symbol_pipe='sed -n -e '\''s/^.*[	 ]\([ABCDGIRSTW][ABCDGIRSTW]*\)[	 ][	 ]*\([_A-Za-z][_A-Za-z0-9]*\)$/\1 \2 \2/p'\'' | sed '\''/ __gnu_lto/d'\'''
lt_cv_sys_global_symbol_to_c_name_address='sed -n -e '\''s/^: \([^ ]*\)[ ]*$/  {\"\1\", (void *) 0},/p'\'' -e '\''s/^[ABCDGIRSTW]* \([^ ]*\) \([^ ]*\)$/  {"\2", (void *) \&\2},/p'\'''
lt_cv_sys_global_symbol_to_c_name_address_lib_prefix='sed -n -e '\''s/^: \([^ ]*\)[ ]*$/  {\"\1\", (void *) 0},/p'\'' -e '\''s/^[ABCDGIRSTW]* \([^ ]*\) \(lib[^ ]*\)$/  {"\2", (void *) \&\2},/p'\'' -e '\''s/^[ABCDGIRSTW]* \([^ ]*\) \([^ ]*\)$/  {"lib\2", (void *) \&\2},/p'\'''
lt_cv_sys_global_symbol_to_cdecl='sed -n -e '\''s/^T .* \(.*\)$/extern int \1();/p'\'' -e '\''s/^[ABCDGIRSTW]* .* \(.*\)$/extern char \1;/p'\'''
lt_cv_sys_max_cmd_len=1572864
lt_cv_to_host_file_cmd=func_convert_file_noop
lt_cv_to_tool_file_cmd=func_convert_file_noop
ossie_cv_ossie_home=/usr/local/redhawk/core
ossie_cv_pyscheme=home
pkg_cv_OMNIORB_CFLAGS='-D__x86_64__ -D__linux__ -D__OSVERSION__=2  '
pkg_cv_OMNIORB_LIBS='-lomniORB4 -lomnithread  '
pkg_cv_OSSIE_CFLAGS='-D__x86_64__ -D__linux__ -D__OSVERSION__=2 -DENABLE_EVENTS=1 -I/usr/local/redhawk/core/include -I/usr/local/redhawk/core/include/ossie -I/usr/local/redhawk/core/share/idl  '
pkg_cv_OSSIE_LIBS='-L/usr/local/redhawk/core/lib64 -lossiecf -lossieidl -lCOS4 -lomniDynamic4 -lomniORB4 -lomnithread  '

## ----------------- ##
## Output variables. ##
## ----------------- ##

ACLOCAL='${SHELL} /home/cyient/workspace/mhalInterfaces/missing aclocal-1.13'
AMDEPBACKSLASH='\'
AMDEP_FALSE='#'
AMDEP_TRUE=''
AMTAR='$${TAR-tar}'
AM_BACKSLASH='\'
AM_DEFAULT_V='$(AM_DEFAULT_VERBOSITY)'
AM_DEFAULT_VERBOSITY='1'
AM_V='$(V)'
AR='ar'
AUTOCONF='${SHELL} /home/cyient/workspace/mhalInterfaces/missing autoconf'
AUTOHEADER='${SHELL} /home/cyient/workspace/mhalInterfaces/missing autoheader'
AUTOMAKE='${SHELL} /home/cyient/workspace/mhalInterfaces/missing automake-1.13'
AWK='gawk'
CC='gcc'
CCDEPMODE='depmode=gcc3'
CFLAGS='-g -O2'
CORBA_ORB='omniORB4'
CPP='gcc -E'
CPPFLAGS=''
CXX='g++'
CXXCPP='g++ -E'
CXXDEPMODE='depmode=gcc3'
CXXFLAGS='-g -O2'
CYGPATH_W='echo'
DEFS='-DPACKAGE_NAME=\"mhalInterfaces\" -DPACKAGE_TARNAME=\"mhalinterfaces\" -DPACKAGE_VERSION=\"2.0.6\" -DPACKAGE_STRING=\"mhalInterfaces\ 2.0.6\" -DPACKAGE_BUGREPORT=\"\" -DPACKAGE_URL=\"\" -DPACKAGE=\"mhalinterfaces\" -DVERSION=\"2.0.6\" -DSTDC_HEADERS=1 -DHAVE_SYS_TYPES_H=1 -DHAVE_SYS_STAT_H=1 -DHAVE_STDLIB_H=1 -DHAVE_STRING_H=1 -DHAVE_MEMORY_H=1 -DHAVE_STRINGS_H=1 -DHAVE_INTTYPES_H=1 -DHAVE_STDINT_H=1 -DHAVE_UNISTD_H=1 -DHAVE_DLFCN_H=1 -DLT_OBJDIR=\".libs/\" -DHAVE_OMNIORB4=1'
DEPDIR='.deps'
DLLTOOL='false'
DSYMUTIL=''
DUMPBIN=''
ECHO_C=''
ECHO_N='-n'
ECHO_T=''
EGREP='/bin/grep -E'
EXEEXT=''
FGREP='/bin/grep -F'
GREP='/bin/grep'
HAVE_JAVASUPPORT_FALSE='#'
HAVE_JAVASUPPORT_TRUE=''
IDL='omniidl'
IDLJ='/usr/lib/jvm/java/bin/idlj'
INSTALL_DATA='${INSTALL} -m 644'
INSTALL_PROGRAM='${INSTALL}'
INSTALL_SCRIPT='${INSTALL}'
INSTALL_STRIP_PROGRAM='$(install_sh) -c -s'
JAR='/usr/lib/jvm/java/bin/jar'
JAVAC='/usr/lib/jvm/java/bin/javac'
JAVA_HOME='/usr/lib/jvm/java'
LD='/bin/ld -m elf_x86_64'
LDFLAGS=''
LIBOBJS=''
LIBS=''
LIBTOOL='$(SHELL) $(top_builddir)/libtool'
LIPO=''
LN_S='ln -s'
LTLIBOBJS=''
MAKEINFO='${SHELL} /home/cyient/workspace/mhalInterfaces/missing makeinfo'
MANIFEST_TOOL=':'
MKDIR_P='/bin/mkdir -p'
NM='/bin/nm -B'
NMEDIT=''
OBJDUMP='objdump'
OBJEXT='o'
OMNIORB_CFLAGS='-D__x86_64__ -D__linux__ -D__OSVERSION__=2  '
OMNIORB_LIBS='-lomniORB4 -lomnithread  '
OSSIE_CFLAGS='-D__x86_64__ -D__linux__ -D__OSVERSION__=2 -DENABLE_EVENTS=1 -I/usr/local/redhawk/core/include -I/usr/local/redhawk/core/include/ossie -I/usr/local/redhawk/core/share/idl  '
OSSIE_HOME='/usr/local/redhawk/core'
OSSIE_LIBS='-L/usr/local/redhawk/core/lib64 -lossiecf -lossieidl -lCOS4 -lomniDynamic4 -lomniORB4 -lomnithread  '
OTOOL64=''
OTOOL=''
PACKAGE='mhalinterfaces'
PACKAGE_BUGREPORT=''
PACKAGE_NAME='mhalInterfaces'
PACKAGE_STRING='mhalInterfaces 2.0.6'
PACKAGE_TARNAME='mhalinterfaces'
PACKAGE_URL=''
PACKAGE_VERSION='2.0.6'
PATH_SEPARATOR=':'
PKG_CONFIG='/bin/pkg-config'
PYTHON='/bin/python'
PYTHON_EXEC_PREFIX='${exec_prefix}'
PYTHON_INSTALL_SCHEME='home'
PYTHON_PLATFORM='linux2'
PYTHON_PREFIX='${prefix}'
PYTHON_VERSION='2.7'
RANLIB='ranlib'
SED='/bin/sed'
SET_MAKE=''
SHELL='/bin/sh'
STRIP='strip'
VERSION='2.0.6'
ac_ct_AR='ar'
ac_ct_CC='gcc'
ac_ct_CXX='g++'
ac_ct_DUMPBIN=''
am__EXEEXT_FALSE=''
am__EXEEXT_TRUE='#'
am__fastdepCC_FALSE='#'
am__fastdepCC_TRUE=''
am__fastdepCXX_FALSE='#'
am__fastdepCXX_TRUE=''
am__include='include'
am__isrc=''
am__leading_dot='.'
am__nodep='_no'
am__quote=''
am__tar='$${TAR-tar} chof - "$$tardir"'
am__untar='$${TAR-tar} xf -'
bindir='${exec_prefix}/bin'
build='x86_64-unknown-linux-gnu'
build_alias=''
build_cpu='x86_64'
build_os='linux-gnu'
build_vendor='unknown'
datadir='${datarootdir}'
datarootdir='${prefix}/share'
docdir='${datarootdir}/doc/${PACKAGE_TARNAME}'
dvidir='${docdir}'
exec_prefix='${prefix}'
host='x86_64-unknown-linux-gnu'
host_alias=''
host_cpu='x86_64'
host_os='linux-gnu'
host_vendor='unknown'
htmldir='${docdir}'
includedir='${prefix}/include'
infodir='${datarootdir}/info'
install_sh='${SHELL} /home/cyient/workspace/mhalInterfaces/install-sh'
libdir='${exec_prefix}/lib'
libexecdir='${exec_prefix}/libexec'
localedir='${datarootdir}/locale'
localstatedir='${prefix}/var'
mandir='${datarootdir}/man'
mkdir_p='$(MKDIR_P)'
oldincludedir='/usr/include'
pdfdir='${docdir}'
pkgpyexecdir='${pyexecdir}/mhalinterfaces'
pkgpythondir='${pythondir}/mhalinterfaces'
prefix='/usr/local/redhawk/core'
program_transform_name='s,x,x,'
psdir='${docdir}'
pyexecdir='${exec_prefix}/lib64/python2.7/site-packages'
pythondir='${prefix}/lib/python2.7/site-packages'
sbindir='${exec_prefix}/sbin'
sharedstatedir='${prefix}/com'
sysconfdir='${prefix}/etc'
target_alias=''

## ----------- ##
## confdefs.h. ##
## ----------- ##

/* confdefs.h */
#define PACKAGE_NAME "mhalInterfaces"
#define PACKAGE_TARNAME "mhalinterfaces"
#define PACKAGE_VERSION "2.0.6"
#define PACKAGE_STRING "mhalInterfaces 2.0.6"
#define PACKAGE_BUGREPORT ""
#define PACKAGE_URL ""
#define PACKAGE "mhalinterfaces"
#define VERSION "2.0.6"
#define STDC_HEADERS 1
#define HAVE_SYS_TYPES_H 1
#define HAVE_SYS_STAT_H 1
#define HAVE_STDLIB_H 1
#define HAVE_STRING_H 1
#define HAVE_MEMORY_H 1
#define HAVE_STRINGS_H 1
#define HAVE_INTTYPES_H 1
#define HAVE_STDINT_H 1
#define HAVE_UNISTD_H 1
#define HAVE_DLFCN_H 1
#define LT_OBJDIR ".libs/"
#define HAVE_OMNIORB4 1

configure: exit 0

## ---------------------- ##
## Running config.status. ##
## ---------------------- ##

This file was extended by mhalInterfaces config.status 2.0.6, which was
generated by GNU Autoconf 2.69.  Invocation command line was

  CONFIG_FILES    = 
  CONFIG_HEADERS  = 
  CONFIG_LINKS    = 
  CONFIG_COMMANDS = 
  $ ./config.status Makefile depfiles

on localhost.localdomain

config.status:1091: creating Makefile
config.status:1263: executing depfiles commands

## ---------------------- ##
## Running config.status. ##
## ---------------------- ##

This file was extended by mhalInterfaces config.status 2.0.6, which was
generated by GNU Autoconf 2.69.  Invocation command line was

  CONFIG_FILES    = 
  CONFIG_HEADERS  = 
  CONFIG_LINKS    = 
  CONFIG_COMMANDS = 
  $ ./config.status Makefile depfiles

on localhost.localdomain

config.status:1091: creating Makefile
config.status:1263: executing depfiles commands
